<?xml version="1.0" encoding="UTF-8"?>
<testng-results ignored="0" total="1" passed="1" failed="0" skipped="0">
  <reporter-output>
  </reporter-output>
  <suite started-at="2024-07-28T15:56:53 IST" name="Default suite" finished-at="2024-07-28T15:56:53 IST" duration-ms="87">
    <groups>
    </groups>
    <test started-at="2024-07-28T15:56:53 IST" name="Default test" finished-at="2024-07-28T15:56:53 IST" duration-ms="87">
      <class name="testscript.annotations">
        <test-method is-config="true" signature="beforeTest()[pri:0, instance:testscript.annotations@4efac082]" started-at="2024-07-28T15:56:53 IST" name="beforeTest" finished-at="2024-07-28T15:56:53 IST" duration-ms="12" status="PASS">
          <reporter-output>
          </reporter-output>
        </test-method> <!-- beforeTest -->
        <test-method is-config="true" signature="beforeClass()[pri:0, instance:testscript.annotations@4efac082]" started-at="2024-07-28T15:56:53 IST" name="beforeClass" finished-at="2024-07-28T15:56:53 IST" duration-ms="0" status="PASS">
          <reporter-output>
          </reporter-output>
        </test-method> <!-- beforeClass -->
        <test-method is-config="true" signature="beforeMethod()[pri:0, instance:testscript.annotations@4efac082]" started-at="2024-07-28T15:56:53 IST" name="beforeMethod" finished-at="2024-07-28T15:56:53 IST" duration-ms="0" status="PASS">
          <reporter-output>
          </reporter-output>
        </test-method> <!-- beforeMethod -->
        <test-method signature="allMethodTry()[pri:0, instance:testscript.annotations@4efac082]" started-at="2024-07-28T15:56:53 IST" name="allMethodTry" finished-at="2024-07-28T15:56:53 IST" duration-ms="14" status="PASS">
          <reporter-output>
          </reporter-output>
        </test-method> <!-- allMethodTry -->
        <test-method is-config="true" signature="afterMethod()[pri:0, instance:testscript.annotations@4efac082]" started-at="2024-07-28T15:56:53 IST" name="afterMethod" finished-at="2024-07-28T15:56:53 IST" duration-ms="3" status="PASS">
          <reporter-output>
          </reporter-output>
        </test-method> <!-- afterMethod -->
        <test-method is-config="true" signature="afterClass()[pri:0, instance:testscript.annotations@4efac082]" started-at="2024-07-28T15:56:53 IST" name="afterClass" finished-at="2024-07-28T15:56:53 IST" duration-ms="1" status="PASS">
          <reporter-output>
          </reporter-output>
        </test-method> <!-- afterClass -->
        <test-method is-config="true" signature="afterTest()[pri:0, instance:testscript.annotations@4efac082]" started-at="2024-07-28T15:56:53 IST" name="afterTest" finished-at="2024-07-28T15:56:53 IST" duration-ms="1" status="PASS">
          <reporter-output>
          </reporter-output>
        </test-method> <!-- afterTest -->
      </class> <!-- testscript.annotations -->
    </test> <!-- Default test -->
  </suite> <!-- Default suite -->
</testng-results>
